Determining if the pthread_create exist failed with the following output:
Change Dir: /home/yangshaopeng/project/count_cplus/module/build/CMakeFiles/CMakeTmp

Run Build Command:"/usr/bin/make" "cmTC_d4997/fast"
/usr/bin/make -f CMakeFiles/cmTC_d4997.dir/build.make CMakeFiles/cmTC_d4997.dir/build
make[1]: Entering directory '/home/yangshaopeng/project/count_cplus/module/build/CMakeFiles/CMakeTmp'
Building C object CMakeFiles/cmTC_d4997.dir/CheckSymbolExists.c.o
/usr/bin/cc    -o CMakeFiles/cmTC_d4997.dir/CheckSymbolExists.c.o   -c /home/yangshaopeng/project/count_cplus/module/build/CMakeFiles/CMakeTmp/CheckSymbolExists.c
Linking C executable cmTC_d4997
/home/yangshaopeng/anaconda3/bin/cmake -E cmake_link_script CMakeFiles/cmTC_d4997.dir/link.txt --verbose=1
/usr/bin/cc      CMakeFiles/cmTC_d4997.dir/CheckSymbolExists.c.o  -o cmTC_d4997 
CMakeFiles/cmTC_d4997.dir/CheckSymbolExists.c.o: In function `main':
CheckSymbolExists.c:(.text+0x16): undefined reference to `pthread_create'
collect2: error: ld returned 1 exit status
CMakeFiles/cmTC_d4997.dir/build.make:86: recipe for target 'cmTC_d4997' failed
make[1]: *** [cmTC_d4997] Error 1
make[1]: Leaving directory '/home/yangshaopeng/project/count_cplus/module/build/CMakeFiles/CMakeTmp'
Makefile:121: recipe for target 'cmTC_d4997/fast' failed
make: *** [cmTC_d4997/fast] Error 2

File /home/yangshaopeng/project/count_cplus/module/build/CMakeFiles/CMakeTmp/CheckSymbolExists.c:
/* */
#include <pthread.h>

int main(int argc, char** argv)
{
  (void)argv;
#ifndef pthread_create
  return ((int*)(&pthread_create))[argc];
#else
  (void)argc;
  return 0;
#endif
}

Determining if the function pthread_create exists in the pthreads failed with the following output:
Change Dir: /home/yangshaopeng/project/count_cplus/module/build/CMakeFiles/CMakeTmp

Run Build Command:"/usr/bin/make" "cmTC_330c1/fast"
/usr/bin/make -f CMakeFiles/cmTC_330c1.dir/build.make CMakeFiles/cmTC_330c1.dir/build
make[1]: Entering directory '/home/yangshaopeng/project/count_cplus/module/build/CMakeFiles/CMakeTmp'
Building C object CMakeFiles/cmTC_330c1.dir/CheckFunctionExists.c.o
/usr/bin/cc   -DCHECK_FUNCTION_EXISTS=pthread_create   -o CMakeFiles/cmTC_330c1.dir/CheckFunctionExists.c.o   -c /home/yangshaopeng/anaconda3/share/cmake-3.12/Modules/CheckFunctionExists.c
Linking C executable cmTC_330c1
/home/yangshaopeng/anaconda3/bin/cmake -E cmake_link_script CMakeFiles/cmTC_330c1.dir/link.txt --verbose=1
/usr/bin/cc  -DCHECK_FUNCTION_EXISTS=pthread_create    CMakeFiles/cmTC_330c1.dir/CheckFunctionExists.c.o  -o cmTC_330c1 -lpthreads 
/usr/bin/ld: cannot find -lpthreads
collect2: error: ld returned 1 exit status
CMakeFiles/cmTC_330c1.dir/build.make:86: recipe for target 'cmTC_330c1' failed
make[1]: *** [cmTC_330c1] Error 1
make[1]: Leaving directory '/home/yangshaopeng/project/count_cplus/module/build/CMakeFiles/CMakeTmp'
Makefile:121: recipe for target 'cmTC_330c1/fast' failed
make: *** [cmTC_330c1/fast] Error 2


